# JRE version: Java(TM) SE Runtime Environment (8.0_111-b14) (build 1.8.0_111-b14)
# Java VM: Java HotSpot(TM) 64-Bit Server VM (25.111-b14 mixed mode windows-amd64 compressed oops)
Heap:
 PSYoungGen      total 95744K, used 76287K [0x0000000755980000, 0x000000075c400000, 0x00000007c0000000)
  eden space 82432K, 80% used [0x0000000755980000,0x0000000759a6b6e0,0x000000075aa00000)
  from space 13312K, 73% used [0x000000075aa00000,0x000000075b394890,0x000000075b700000)
  to   space 13312K, 36% used [0x000000075b700000,0x000000075bbc0040,0x000000075c400000)
 ParOldGen       total 218624K, used 16K [0x0000000680c00000, 0x000000068e180000, 0x0000000755980000)
  object space 218624K, 0% used [0x0000000680c00000,0x0000000680c04000,0x000000068e180000)
 Metaspace       used 20567K, capacity 21176K, committed 21296K, reserved 1067008K
  class space    used 2634K, capacity 2824K, committed 2864K, reserved 1048576K
GC Heap History (3 events):
Event: 1.214 GC heap before
{Heap before GC invocations=1 (full 0):
 PSYoungGen      total 95744K, used 82432K [0x0000000755980000, 0x000000075c400000, 0x00000007c0000000)
  eden space 82432K, 100% used [0x0000000755980000,0x000000075aa00000,0x000000075aa00000)
  from space 13312K, 0% used [0x000000075b700000,0x000000075b700000,0x000000075c400000)
  to   space 13312K, 0% used [0x000000075aa00000,0x000000075aa00000,0x000000075b700000)
 ParOldGen       total 218624K, used 0K [0x0000000680c00000, 0x000000068e180000, 0x0000000755980000)
  object space 218624K, 0% used [0x0000000680c00000,0x0000000680c00000,0x000000068e180000)
 Metaspace       used 16000K, capacity 16518K, committed 16640K, reserved 1062912K
  class space    used 2095K, capacity 2237K, committed 2304K, reserved 1048576K
Event: 1.224 GC heap after
Heap after GC invocations=1 (full 0):
 PSYoungGen      total 95744K, used 9810K [0x0000000755980000, 0x000000075c400000, 0x00000007c0000000)
  eden space 82432K, 0% used [0x0000000755980000,0x0000000755980000,0x000000075aa00000)
  from space 13312K, 73% used [0x000000075aa00000,0x000000075b394890,0x000000075b700000)
  to   space 13312K, 0% used [0x000000075b700000,0x000000075b700000,0x000000075c400000)
 ParOldGen       total 218624K, used 8K [0x0000000680c00000, 0x000000068e180000, 0x0000000755980000)
  object space 218624K, 0% used [0x0000000680c00000,0x0000000680c02000,0x000000068e180000)
 Metaspace       used 16000K, capacity 16518K, committed 16640K, reserved 1062912K
  class space    used 2095K, capacity 2237K, committed 2304K, reserved 1048576K
}
Event: 1.442 GC heap before
{Heap before GC invocations=2 (full 0):
 PSYoungGen      total 95744K, used 76287K [0x0000000755980000, 0x000000075c400000, 0x00000007c0000000)
  eden space 82432K, 80% used [0x0000000755980000,0x0000000759a6b6e0,0x000000075aa00000)
  from space 13312K, 73% used [0x000000075aa00000,0x000000075b394890,0x000000075b700000)
  to   space 13312K, 0% used [0x000000075b700000,0x000000075b700000,0x000000075c400000)
 ParOldGen       total 218624K, used 8K [0x0000000680c00000, 0x000000068e180000, 0x0000000755980000)
  object space 218624K, 0% used [0x0000000680c00000,0x0000000680c02000,0x000000068e180000)
 Metaspace       used 20567K, capacity 21176K, committed 21296K, reserved 1067008K
  class space    used 2634K, capacity 2824K, committed 2864K, reserved 1048576K

