# JRE version: Java(TM) SE Runtime Environment (8.0_111-b14) (build 1.8.0_111-b14)
# Java VM: Java HotSpot(TM) 64-Bit Server VM (25.111-b14 mixed mode windows-amd64 compressed oops)
Heap:
 PSYoungGen      total 374272K, used 212608K [0x0000000755980000, 0x0000000776f00000, 0x00000007c0000000)
  eden space 350720K, 55% used [0x0000000755980000,0x0000000761610378,0x000000076b000000)
  from space 23552K, 82% used [0x000000076b000000,0x000000076c310020,0x000000076c700000)
  to   space 24576K, 0% used [0x0000000775700000,0x0000000775700000,0x0000000776f00000)
 ParOldGen       total 245760K, used 31415K [0x0000000680c00000, 0x000000068fc00000, 0x0000000755980000)
  object space 245760K, 12% used [0x0000000680c00000,0x0000000682aadd28,0x000000068fc00000)
 Metaspace       used 74666K, capacity 77434K, committed 77744K, reserved 1116160K
  class space    used 9816K, capacity 10323K, committed 10416K, reserved 1048576K
GC Heap History (10 events):
Event: 9.253 GC heap before
{Heap before GC invocations=10 (full 2):
 PSYoungGen      total 204288K, used 22410K [0x0000000755980000, 0x0000000767680000, 0x00000007c0000000)
  eden space 185344K, 1% used [0x0000000755980000,0x0000000755ce33d0,0x0000000760e80000)
  from space 18944K, 99% used [0x0000000760e80000,0x00000007620ff6b0,0x0000000762100000)
  to   space 24576K, 0% used [0x0000000765e80000,0x0000000765e80000,0x0000000767680000)
 ParOldGen       total 212480K, used 28133K [0x0000000680c00000, 0x000000068db80000, 0x0000000755980000)
  object space 212480K, 13% used [0x0000000680c00000,0x0000000682779608,0x000000068db80000)
 Metaspace       used 57152K, capacity 58962K, committed 59160K, reserved 1099776K
  class space    used 7745K, capacity 8091K, committed 8112K, reserved 1048576K
Event: 9.264 GC heap after
Heap after GC invocations=10 (full 2):
 PSYoungGen      total 268288K, used 12778K [0x0000000755980000, 0x000000076cf80000, 0x00000007c0000000)
  eden space 243712K, 0% used [0x0000000755980000,0x0000000755980000,0x0000000764780000)
  from space 24576K, 51% used [0x0000000765e80000,0x0000000766afaa70,0x0000000767680000)
  to   space 23552K, 0% used [0x0000000764780000,0x0000000764780000,0x0000000765e80000)
 ParOldGen       total 212480K, used 28141K [0x0000000680c00000, 0x000000068db80000, 0x0000000755980000)
  object space 212480K, 13% used [0x0000000680c00000,0x000000068277b608,0x000000068db80000)
 Metaspace       used 57152K, capacity 58962K, committed 59160K, reserved 1099776K
  class space    used 7745K, capacity 8091K, committed 8112K, reserved 1048576K
}
Event: 9.264 GC heap before
{Heap before GC invocations=11 (full 3):
 PSYoungGen      total 268288K, used 12778K [0x0000000755980000, 0x000000076cf80000, 0x00000007c0000000)
  eden space 243712K, 0% used [0x0000000755980000,0x0000000755980000,0x0000000764780000)
  from space 24576K, 51% used [0x0000000765e80000,0x0000000766afaa70,0x0000000767680000)
  to   space 23552K, 0% used [0x0000000764780000,0x0000000764780000,0x0000000765e80000)
 ParOldGen       total 212480K, used 28141K [0x0000000680c00000, 0x000000068db80000, 0x0000000755980000)
  object space 212480K, 13% used [0x0000000680c00000,0x000000068277b608,0x000000068db80000)
 Metaspace       used 57152K, capacity 58962K, committed 59160K, reserved 1099776K
  class space    used 7745K, capacity 8091K, committed 8112K, reserved 1048576K
Event: 9.397 GC heap after
Heap after GC invocations=11 (full 3):
 PSYoungGen      total 268288K, used 0K [0x0000000755980000, 0x000000076cf80000, 0x00000007c0000000)
  eden space 243712K, 0% used [0x0000000755980000,0x0000000755980000,0x0000000764780000)
  from space 24576K, 0% used [0x0000000765e80000,0x0000000765e80000,0x0000000767680000)
  to   space 23552K, 0% used [0x0000000764780000,0x0000000764780000,0x0000000765e80000)
 ParOldGen       total 245760K, used 31391K [0x0000000680c00000, 0x000000068fc00000, 0x0000000755980000)
  object space 245760K, 12% used [0x0000000680c00000,0x0000000682aa7d28,0x000000068fc00000)
 Metaspace       used 57152K, capacity 58962K, committed 59160K, reserved 1099776K
  class space    used 7745K, capacity 8091K, committed 8112K, reserved 1048576K
}
Event: 11.386 GC heap before
{Heap before GC invocations=12 (full 3):
 PSYoungGen      total 268288K, used 243712K [0x0000000755980000, 0x000000076cf80000, 0x00000007c0000000)
  eden space 243712K, 100% used [0x0000000755980000,0x0000000764780000,0x0000000764780000)
  from space 24576K, 0% used [0x0000000765e80000,0x0000000765e80000,0x0000000767680000)
  to   space 23552K, 0% used [0x0000000764780000,0x0000000764780000,0x0000000765e80000)
 ParOldGen       total 245760K, used 31391K [0x0000000680c00000, 0x000000068fc00000, 0x0000000755980000)
  object space 245760K, 12% used [0x0000000680c00000,0x0000000682aa7d28,0x000000068fc00000)
 Metaspace       used 64322K, capacity 66294K, committed 66736K, reserved 1107968K
  class space    used 8649K, capacity 9025K, committed 9136K, reserved 1048576K
Event: 11.408 GC heap after
Heap after GC invocations=12 (full 3):
 PSYoungGen      total 267264K, used 17400K [0x0000000755980000, 0x000000076e480000, 0x00000007c0000000)
  eden space 243712K, 0% used [0x0000000755980000,0x0000000755980000,0x0000000764780000)
  from space 23552K, 73% used [0x0000000764780000,0x000000076587e1f0,0x0000000765e80000)
  to   space 24064K, 0% used [0x000000076cd00000,0x000000076cd00000,0x000000076e480000)
 ParOldGen       total 245760K, used 31399K [0x0000000680c00000, 0x000000068fc00000, 0x0000000755980000)
  object space 245760K, 12% used [0x0000000680c00000,0x0000000682aa9d28,0x000000068fc00000)
 Metaspace       used 64322K, capacity 66294K, committed 66736K, reserved 1107968K
  class space    used 8649K, capacity 9025K, committed 9136K, reserved 1048576K
}
Event: 12.111 GC heap before
{Heap before GC invocations=13 (full 3):
 PSYoungGen      total 267264K, used 261112K [0x0000000755980000, 0x000000076e480000, 0x00000007c0000000)
  eden space 243712K, 100% used [0x0000000755980000,0x0000000764780000,0x0000000764780000)
  from space 23552K, 73% used [0x0000000764780000,0x000000076587e1f0,0x0000000765e80000)
  to   space 24064K, 0% used [0x000000076cd00000,0x000000076cd00000,0x000000076e480000)
 ParOldGen       total 245760K, used 31399K [0x0000000680c00000, 0x000000068fc00000, 0x0000000755980000)
  object space 245760K, 12% used [0x0000000680c00000,0x0000000682aa9d28,0x000000068fc00000)
 Metaspace       used 65293K, capacity 67272K, committed 67504K, reserved 1107968K
  class space    used 8711K, capacity 9092K, committed 9136K, reserved 1048576K
Event: 12.127 GC heap after
Heap after GC invocations=13 (full 3):
 PSYoungGen      total 368128K, used 15968K [0x0000000755980000, 0x000000076de00000, 0x00000007c0000000)
  eden space 350720K, 0% used [0x0000000755980000,0x0000000755980000,0x000000076b000000)
  from space 17408K, 91% used [0x000000076cd00000,0x000000076dc98020,0x000000076de00000)
  to   space 23552K, 0% used [0x000000076b000000,0x000000076b000000,0x000000076c700000)
 ParOldGen       total 245760K, used 31407K [0x0000000680c00000, 0x000000068fc00000, 0x0000000755980000)
  object space 245760K, 12% used [0x0000000680c00000,0x0000000682aabd28,0x000000068fc00000)
 Metaspace       used 65293K, capacity 67272K, committed 67504K, reserved 1107968K
  class space    used 8711K, capacity 9092K, committed 9136K, reserved 1048576K
}
Event: 12.979 GC heap before
{Heap before GC invocations=14 (full 3):
 PSYoungGen      total 368128K, used 366688K [0x0000000755980000, 0x000000076de00000, 0x00000007c0000000)
  eden space 350720K, 100% used [0x0000000755980000,0x000000076b000000,0x000000076b000000)
  from space 17408K, 91% used [0x000000076cd00000,0x000000076dc98020,0x000000076de00000)
  to   space 23552K, 0% used [0x000000076b000000,0x000000076b000000,0x000000076c700000)
 ParOldGen       total 245760K, used 31407K [0x0000000680c00000, 0x000000068fc00000, 0x0000000755980000)
  object space 245760K, 12% used [0x0000000680c00000,0x0000000682aabd28,0x000000068fc00000)
 Metaspace       used 66602K, capacity 68584K, committed 68912K, reserved 1110016K
  class space    used 8790K, capacity 9188K, committed 9264K, reserved 1048576K
Event: 13.001 GC heap after
Heap after GC invocations=14 (full 3):
 PSYoungGen      total 374272K, used 19520K [0x0000000755980000, 0x0000000776f00000, 0x00000007c0000000)
  eden space 350720K, 0% used [0x0000000755980000,0x0000000755980000,0x000000076b000000)
  from space 23552K, 82% used [0x000000076b000000,0x000000076c310020,0x000000076c700000)
  to   space 24576K, 0% used [0x0000000775700000,0x0000000775700000,0x0000000776f00000)
 ParOldGen       total 245760K, used 31415K [0x0000000680c00000, 0x000000068fc00000, 0x0000000755980000)
  object space 245760K, 12% used [0x0000000680c00000,0x0000000682aadd28,0x000000068fc00000)
 Metaspace       used 66602K, capacity 68584K, committed 68912K, reserved 1110016K
  class space    used 8790K, capacity 9188K, committed 9264K, reserved 1048576K
}

