# JRE version: Java(TM) SE Runtime Environment (8.0_111-b14) (build 1.8.0_111-b14)
# Java VM: Java HotSpot(TM) 64-Bit Server VM (25.111-b14 mixed mode windows-amd64 compressed oops)
Heap:
 PSYoungGen      total 95744K, used 8406K [0x0000000755980000, 0x0000000761480000, 0x00000007c0000000)
  eden space 82432K, 0% used [0x0000000755980000,0x0000000755980000,0x000000075aa00000)
  from space 13312K, 63% used [0x000000075b700000,0x000000075bf359e8,0x000000075c400000)
  to   space 13312K, 0% used [0x000000075aa00000,0x000000075aa00000,0x000000075b700000)
 ParOldGen       total 218624K, used 24K [0x0000000680c00000, 0x000000068e180000, 0x0000000755980000)
  object space 218624K, 0% used [0x0000000680c00000,0x0000000680c06000,0x000000068e180000)
 Metaspace       used 20553K, capacity 21136K, committed 21248K, reserved 1067008K
  class space    used 2622K, capacity 2796K, committed 2816K, reserved 1048576K
GC Heap History (5 events):
Event: 1.061 GC heap before
{Heap before GC invocations=1 (full 0):
 PSYoungGen      total 95744K, used 82432K [0x0000000755980000, 0x000000075c400000, 0x00000007c0000000)
  eden space 82432K, 100% used [0x0000000755980000,0x000000075aa00000,0x000000075aa00000)
  from space 13312K, 0% used [0x000000075b700000,0x000000075b700000,0x000000075c400000)
  to   space 13312K, 0% used [0x000000075aa00000,0x000000075aa00000,0x000000075b700000)
 ParOldGen       total 218624K, used 0K [0x0000000680c00000, 0x000000068e180000, 0x0000000755980000)
  object space 218624K, 0% used [0x0000000680c00000,0x0000000680c00000,0x000000068e180000)
 Metaspace       used 15893K, capacity 16440K, committed 16640K, reserved 1062912K
  class space    used 2068K, capacity 2206K, committed 2304K, reserved 1048576K
Event: 1.070 GC heap after
Heap after GC invocations=1 (full 0):
 PSYoungGen      total 95744K, used 9579K [0x0000000755980000, 0x000000075c400000, 0x00000007c0000000)
  eden space 82432K, 0% used [0x0000000755980000,0x0000000755980000,0x000000075aa00000)
  from space 13312K, 71% used [0x000000075aa00000,0x000000075b35ae58,0x000000075b700000)
  to   space 13312K, 0% used [0x000000075b700000,0x000000075b700000,0x000000075c400000)
 ParOldGen       total 218624K, used 16K [0x0000000680c00000, 0x000000068e180000, 0x0000000755980000)
  object space 218624K, 0% used [0x0000000680c00000,0x0000000680c04000,0x000000068e180000)
 Metaspace       used 15893K, capacity 16440K, committed 16640K, reserved 1062912K
  class space    used 2068K, capacity 2206K, committed 2304K, reserved 1048576K
}
Event: 1.339 GC heap before
{Heap before GC invocations=2 (full 0):
 PSYoungGen      total 95744K, used 32286K [0x0000000755980000, 0x000000075c400000, 0x00000007c0000000)
  eden space 82432K, 27% used [0x0000000755980000,0x0000000756facba0,0x000000075aa00000)
  from space 13312K, 71% used [0x000000075aa00000,0x000000075b35ae58,0x000000075b700000)
  to   space 13312K, 0% used [0x000000075b700000,0x000000075b700000,0x000000075c400000)
 ParOldGen       total 218624K, used 16K [0x0000000680c00000, 0x000000068e180000, 0x0000000755980000)
  object space 218624K, 0% used [0x0000000680c00000,0x0000000680c04000,0x000000068e180000)
 Metaspace       used 20553K, capacity 21136K, committed 21248K, reserved 1067008K
  class space    used 2622K, capacity 2796K, committed 2816K, reserved 1048576K
Event: 1.347 GC heap after
Heap after GC invocations=2 (full 0):
 PSYoungGen      total 95744K, used 8406K [0x0000000755980000, 0x0000000761480000, 0x00000007c0000000)
  eden space 82432K, 0% used [0x0000000755980000,0x0000000755980000,0x000000075aa00000)
  from space 13312K, 63% used [0x000000075b700000,0x000000075bf359e8,0x000000075c400000)
  to   space 13312K, 0% used [0x000000075aa00000,0x000000075aa00000,0x000000075b700000)
 ParOldGen       total 218624K, used 24K [0x0000000680c00000, 0x000000068e180000, 0x0000000755980000)
  object space 218624K, 0% used [0x0000000680c00000,0x0000000680c06000,0x000000068e180000)
 Metaspace       used 20553K, capacity 21136K, committed 21248K, reserved 1067008K
  class space    used 2622K, capacity 2796K, committed 2816K, reserved 1048576K
}
Event: 1.347 GC heap before
{Heap before GC invocations=3 (full 1):
 PSYoungGen      total 95744K, used 8406K [0x0000000755980000, 0x0000000761480000, 0x00000007c0000000)
  eden space 82432K, 0% used [0x0000000755980000,0x0000000755980000,0x000000075aa00000)
  from space 13312K, 63% used [0x000000075b700000,0x000000075bf359e8,0x000000075c400000)
  to   space 13312K, 0% used [0x000000075aa00000,0x000000075aa00000,0x000000075b700000)
 ParOldGen       total 218624K, used 24K [0x0000000680c00000, 0x000000068e180000, 0x0000000755980000)
  object space 218624K, 0% used [0x0000000680c00000,0x0000000680c06000,0x000000068e180000)
 Metaspace       used 20553K, capacity 21136K, committed 21248K, reserved 1067008K
  class space    used 2622K, capacity 2796K, committed 2816K, reserved 1048576K

