# JRE version: Java(TM) SE Runtime Environment (8.0_111-b14) (build 1.8.0_111-b14)
# Java VM: Java HotSpot(TM) 64-Bit Server VM (25.111-b14 mixed mode windows-amd64 compressed oops)
Heap:
 PSYoungGen      total 348160K, used 200461K [0x0000000755980000, 0x0000000772580000, 0x00000007c0000000)
  eden space 324608K, 55% used [0x0000000755980000,0x0000000760aab648,0x0000000769680000)
  from space 23552K, 80% used [0x0000000769680000,0x000000076a918020,0x000000076ad80000)
  to   space 24064K, 0% used [0x0000000770e00000,0x0000000770e00000,0x0000000772580000)
 ParOldGen       total 270848K, used 31547K [0x0000000680c00000, 0x0000000691480000, 0x0000000755980000)
  object space 270848K, 11% used [0x0000000680c00000,0x0000000682aced98,0x0000000691480000)
 Metaspace       used 72857K, capacity 75412K, committed 75672K, reserved 1114112K
  class space    used 9565K, capacity 10042K, committed 10136K, reserved 1048576K
GC Heap History (10 events):
Event: 8.263 GC heap before
{Heap before GC invocations=10 (full 2):
 PSYoungGen      total 205824K, used 22910K [0x0000000755980000, 0x0000000767a80000, 0x00000007c0000000)
  eden space 186368K, 1% used [0x0000000755980000,0x0000000755cdfdb0,0x0000000760f80000)
  from space 19456K, 99% used [0x0000000760f80000,0x000000076227fca0,0x0000000762280000)
  to   space 24576K, 0% used [0x0000000766280000,0x0000000766280000,0x0000000767a80000)
 ParOldGen       total 212992K, used 27329K [0x0000000680c00000, 0x000000068dc00000, 0x0000000755980000)
  object space 212992K, 12% used [0x0000000680c00000,0x00000006826b07e0,0x000000068dc00000)
 Metaspace       used 56999K, capacity 58870K, committed 59160K, reserved 1099776K
  class space    used 7733K, capacity 8123K, committed 8216K, reserved 1048576K
Event: 8.273 GC heap after
Heap after GC invocations=10 (full 2):
 PSYoungGen      total 271872K, used 12894K [0x0000000755980000, 0x000000076ad00000, 0x00000007c0000000)
  eden space 247296K, 0% used [0x0000000755980000,0x0000000755980000,0x0000000764b00000)
  from space 24576K, 52% used [0x0000000766280000,0x0000000766f17b70,0x0000000767a80000)
  to   space 24064K, 0% used [0x0000000764b00000,0x0000000764b00000,0x0000000766280000)
 ParOldGen       total 212992K, used 27329K [0x0000000680c00000, 0x000000068dc00000, 0x0000000755980000)
  object space 212992K, 12% used [0x0000000680c00000,0x00000006826b07e0,0x000000068dc00000)
 Metaspace       used 56999K, capacity 58870K, committed 59160K, reserved 1099776K
  class space    used 7733K, capacity 8123K, committed 8216K, reserved 1048576K
}
Event: 8.273 GC heap before
{Heap before GC invocations=11 (full 3):
 PSYoungGen      total 271872K, used 12894K [0x0000000755980000, 0x000000076ad00000, 0x00000007c0000000)
  eden space 247296K, 0% used [0x0000000755980000,0x0000000755980000,0x0000000764b00000)
  from space 24576K, 52% used [0x0000000766280000,0x0000000766f17b70,0x0000000767a80000)
  to   space 24064K, 0% used [0x0000000764b00000,0x0000000764b00000,0x0000000766280000)
 ParOldGen       total 212992K, used 27329K [0x0000000680c00000, 0x000000068dc00000, 0x0000000755980000)
  object space 212992K, 12% used [0x0000000680c00000,0x00000006826b07e0,0x000000068dc00000)
 Metaspace       used 56999K, capacity 58870K, committed 59160K, reserved 1099776K
  class space    used 7733K, capacity 8123K, committed 8216K, reserved 1048576K
Event: 8.412 GC heap after
Heap after GC invocations=11 (full 3):
 PSYoungGen      total 271872K, used 0K [0x0000000755980000, 0x000000076ad00000, 0x00000007c0000000)
  eden space 247296K, 0% used [0x0000000755980000,0x0000000755980000,0x0000000764b00000)
  from space 24576K, 0% used [0x0000000766280000,0x0000000766280000,0x0000000767a80000)
  to   space 24064K, 0% used [0x0000000764b00000,0x0000000764b00000,0x0000000766280000)
 ParOldGen       total 270848K, used 31523K [0x0000000680c00000, 0x0000000691480000, 0x0000000755980000)
  object space 270848K, 11% used [0x0000000680c00000,0x0000000682ac8d98,0x0000000691480000)
 Metaspace       used 56999K, capacity 58870K, committed 59160K, reserved 1099776K
  class space    used 7733K, capacity 8123K, committed 8216K, reserved 1048576K
}
Event: 10.312 GC heap before
{Heap before GC invocations=12 (full 3):
 PSYoungGen      total 271872K, used 247296K [0x0000000755980000, 0x000000076ad00000, 0x00000007c0000000)
  eden space 247296K, 100% used [0x0000000755980000,0x0000000764b00000,0x0000000764b00000)
  from space 24576K, 0% used [0x0000000766280000,0x0000000766280000,0x0000000767a80000)
  to   space 24064K, 0% used [0x0000000764b00000,0x0000000764b00000,0x0000000766280000)
 ParOldGen       total 270848K, used 31523K [0x0000000680c00000, 0x0000000691480000, 0x0000000755980000)
  object space 270848K, 11% used [0x0000000680c00000,0x0000000682ac8d98,0x0000000691480000)
 Metaspace       used 64336K, capacity 66362K, committed 66712K, reserved 1107968K
  class space    used 8647K, capacity 9025K, committed 9112K, reserved 1048576K
Event: 10.329 GC heap after
Heap after GC invocations=12 (full 3):
 PSYoungGen      total 271360K, used 17410K [0x0000000755980000, 0x000000076c800000, 0x00000007c0000000)
  eden space 247296K, 0% used [0x0000000755980000,0x0000000755980000,0x0000000764b00000)
  from space 24064K, 72% used [0x0000000764b00000,0x0000000765c00b78,0x0000000766280000)
  to   space 24064K, 0% used [0x000000076b080000,0x000000076b080000,0x000000076c800000)
 ParOldGen       total 270848K, used 31531K [0x0000000680c00000, 0x0000000691480000, 0x0000000755980000)
  object space 270848K, 11% used [0x0000000680c00000,0x0000000682acad98,0x0000000691480000)
 Metaspace       used 64336K, capacity 66362K, committed 66712K, reserved 1107968K
  class space    used 8647K, capacity 9025K, committed 9112K, reserved 1048576K
}
Event: 11.058 GC heap before
{Heap before GC invocations=13 (full 3):
 PSYoungGen      total 271360K, used 264706K [0x0000000755980000, 0x000000076c800000, 0x00000007c0000000)
  eden space 247296K, 100% used [0x0000000755980000,0x0000000764b00000,0x0000000764b00000)
  from space 24064K, 72% used [0x0000000764b00000,0x0000000765c00b78,0x0000000766280000)
  to   space 24064K, 0% used [0x000000076b080000,0x000000076b080000,0x000000076c800000)
 ParOldGen       total 270848K, used 31531K [0x0000000680c00000, 0x0000000691480000, 0x0000000755980000)
  object space 270848K, 11% used [0x0000000680c00000,0x0000000682acad98,0x0000000691480000)
 Metaspace       used 65301K, capacity 67276K, committed 67480K, reserved 1107968K
  class space    used 8710K, capacity 9092K, committed 9112K, reserved 1048576K
Event: 11.076 GC heap after
Heap after GC invocations=13 (full 3):
 PSYoungGen      total 345088K, used 16032K [0x0000000755980000, 0x000000076c480000, 0x00000007c0000000)
  eden space 324608K, 0% used [0x0000000755980000,0x0000000755980000,0x0000000769680000)
  from space 20480K, 78% used [0x000000076b080000,0x000000076c028020,0x000000076c480000)
  to   space 23552K, 0% used [0x0000000769680000,0x0000000769680000,0x000000076ad80000)
 ParOldGen       total 270848K, used 31539K [0x0000000680c00000, 0x0000000691480000, 0x0000000755980000)
  object space 270848K, 11% used [0x0000000680c00000,0x0000000682accd98,0x0000000691480000)
 Metaspace       used 65301K, capacity 67276K, committed 67480K, reserved 1107968K
  class space    used 8710K, capacity 9092K, committed 9112K, reserved 1048576K
}
Event: 11.783 GC heap before
{Heap before GC invocations=14 (full 3):
 PSYoungGen      total 345088K, used 340640K [0x0000000755980000, 0x000000076c480000, 0x00000007c0000000)
  eden space 324608K, 100% used [0x0000000755980000,0x0000000769680000,0x0000000769680000)
  from space 20480K, 78% used [0x000000076b080000,0x000000076c028020,0x000000076c480000)
  to   space 23552K, 0% used [0x0000000769680000,0x0000000769680000,0x000000076ad80000)
 ParOldGen       total 270848K, used 31539K [0x0000000680c00000, 0x0000000691480000, 0x0000000755980000)
  object space 270848K, 11% used [0x0000000680c00000,0x0000000682accd98,0x0000000691480000)
 Metaspace       used 66511K, capacity 68492K, committed 68888K, reserved 1110016K
  class space    used 8783K, capacity 9156K, committed 9240K, reserved 1048576K
Event: 11.799 GC heap after
Heap after GC invocations=14 (full 3):
 PSYoungGen      total 348160K, used 19040K [0x0000000755980000, 0x0000000772580000, 0x00000007c0000000)
  eden space 324608K, 0% used [0x0000000755980000,0x0000000755980000,0x0000000769680000)
  from space 23552K, 80% used [0x0000000769680000,0x000000076a918020,0x000000076ad80000)
  to   space 24064K, 0% used [0x0000000770e00000,0x0000000770e00000,0x0000000772580000)
 ParOldGen       total 270848K, used 31547K [0x0000000680c00000, 0x0000000691480000, 0x0000000755980000)
  object space 270848K, 11% used [0x0000000680c00000,0x0000000682aced98,0x0000000691480000)
 Metaspace       used 66511K, capacity 68492K, committed 68888K, reserved 1110016K
  class space    used 8783K, capacity 9156K, committed 9240K, reserved 1048576K
}

