# JRE version: Java(TM) SE Runtime Environment (8.0_111-b14) (build 1.8.0_111-b14)
# Java VM: Java HotSpot(TM) 64-Bit Server VM (25.111-b14 mixed mode windows-amd64 compressed oops)
Heap:
 PSYoungGen      total 95744K, used 85744K [0x0000000755980000, 0x0000000761480000, 0x00000007c0000000)
  eden space 82432K, 93% used [0x0000000755980000,0x000000075a4982d8,0x000000075aa00000)
  from space 13312K, 66% used [0x000000075b700000,0x000000075bfa4010,0x000000075c400000)
  to   space 13312K, 0% used [0x000000075aa00000,0x000000075aa00000,0x000000075b700000)
 ParOldGen       total 218624K, used 24K [0x0000000680c00000, 0x000000068e180000, 0x0000000755980000)
  object space 218624K, 0% used [0x0000000680c00000,0x0000000680c06000,0x000000068e180000)
 Metaspace       used 13634K, capacity 14004K, committed 14336K, reserved 1062912K
  class space    used 1620K, capacity 1696K, committed 1792K, reserved 1048576K
GC Heap History (4 events):
Event: 1.478 GC heap before
{Heap before GC invocations=1 (full 0):
 PSYoungGen      total 95744K, used 82432K [0x0000000755980000, 0x000000075c400000, 0x00000007c0000000)
  eden space 82432K, 100% used [0x0000000755980000,0x000000075aa00000,0x000000075aa00000)
  from space 13312K, 0% used [0x000000075b700000,0x000000075b700000,0x000000075c400000)
  to   space 13312K, 0% used [0x000000075aa00000,0x000000075aa00000,0x000000075b700000)
 ParOldGen       total 218624K, used 0K [0x0000000680c00000, 0x000000068e180000, 0x0000000755980000)
  object space 218624K, 0% used [0x0000000680c00000,0x0000000680c00000,0x000000068e180000)
 Metaspace       used 12469K, capacity 12784K, committed 12928K, reserved 1060864K
  class space    used 1518K, capacity 1613K, committed 1664K, reserved 1048576K
Event: 1.489 GC heap after
Heap after GC invocations=1 (full 0):
 PSYoungGen      total 95744K, used 10800K [0x0000000755980000, 0x000000075c400000, 0x00000007c0000000)
  eden space 82432K, 0% used [0x0000000755980000,0x0000000755980000,0x000000075aa00000)
  from space 13312K, 81% used [0x000000075aa00000,0x000000075b48c210,0x000000075b700000)
  to   space 13312K, 0% used [0x000000075b700000,0x000000075b700000,0x000000075c400000)
 ParOldGen       total 218624K, used 16K [0x0000000680c00000, 0x000000068e180000, 0x0000000755980000)
  object space 218624K, 0% used [0x0000000680c00000,0x0000000680c04000,0x000000068e180000)
 Metaspace       used 12469K, capacity 12784K, committed 12928K, reserved 1060864K
  class space    used 1518K, capacity 1613K, committed 1664K, reserved 1048576K
}
Event: 1.960 GC heap before
{Heap before GC invocations=2 (full 0):
 PSYoungGen      total 95744K, used 93232K [0x0000000755980000, 0x000000075c400000, 0x00000007c0000000)
  eden space 82432K, 100% used [0x0000000755980000,0x000000075aa00000,0x000000075aa00000)
  from space 13312K, 81% used [0x000000075aa00000,0x000000075b48c210,0x000000075b700000)
  to   space 13312K, 0% used [0x000000075b700000,0x000000075b700000,0x000000075c400000)
 ParOldGen       total 218624K, used 16K [0x0000000680c00000, 0x000000068e180000, 0x0000000755980000)
  object space 218624K, 0% used [0x0000000680c00000,0x0000000680c04000,0x000000068e180000)
 Metaspace       used 12669K, capacity 13008K, committed 13184K, reserved 1060864K
  class space    used 1525K, capacity 1620K, committed 1664K, reserved 1048576K
Event: 1.970 GC heap after
Heap after GC invocations=2 (full 0):
 PSYoungGen      total 95744K, used 8848K [0x0000000755980000, 0x0000000761480000, 0x00000007c0000000)
  eden space 82432K, 0% used [0x0000000755980000,0x0000000755980000,0x000000075aa00000)
  from space 13312K, 66% used [0x000000075b700000,0x000000075bfa4010,0x000000075c400000)
  to   space 13312K, 0% used [0x000000075aa00000,0x000000075aa00000,0x000000075b700000)
 ParOldGen       total 218624K, used 24K [0x0000000680c00000, 0x000000068e180000, 0x0000000755980000)
  object space 218624K, 0% used [0x0000000680c00000,0x0000000680c06000,0x000000068e180000)
 Metaspace       used 12669K, capacity 13008K, committed 13184K, reserved 1060864K
  class space    used 1525K, capacity 1620K, committed 1664K, reserved 1048576K
}

