# JRE version: Java(TM) SE Runtime Environment (8.0_111-b14) (build 1.8.0_111-b14)
# Java VM: Java HotSpot(TM) 64-Bit Server VM (25.111-b14 mixed mode windows-amd64 compressed oops)
Heap:
 PSYoungGen      total 188928K, used 20417K [0x0000000755980000, 0x0000000762d80000, 0x00000007c0000000)
  eden space 177664K, 5% used [0x0000000755980000,0x00000007562a11b8,0x0000000760700000)
  from space 11264K, 98% used [0x0000000762280000,0x0000000762d4f308,0x0000000762d80000)
  to   space 18432K, 0% used [0x0000000760980000,0x0000000760980000,0x0000000761b80000)
 ParOldGen       total 215040K, used 21410K [0x0000000680c00000, 0x000000068de00000, 0x0000000755980000)
  object space 215040K, 9% used [0x0000000680c00000,0x00000006820e88d0,0x000000068de00000)
 Metaspace       used 45031K, capacity 46782K, committed 47024K, reserved 1089536K
  class space    used 5889K, capacity 6251K, committed 6320K, reserved 1048576K
GC Heap History (10 events):
Event: 2.105 GC heap before
{Heap before GC invocations=4 (full 1):
 PSYoungGen      total 95744K, used 82394K [0x0000000755980000, 0x0000000761480000, 0x00000007c0000000)
  eden space 82432K, 99% used [0x0000000755980000,0x000000075a9f6838,0x000000075aa00000)
  from space 13312K, 0% used [0x000000075b700000,0x000000075b700000,0x000000075c400000)
  to   space 13312K, 0% used [0x000000075aa00000,0x000000075aa00000,0x000000075b700000)
 ParOldGen       total 131584K, used 8845K [0x0000000680c00000, 0x0000000688c80000, 0x0000000755980000)
  object space 131584K, 6% used [0x0000000680c00000,0x00000006814a36a0,0x0000000688c80000)
 Metaspace       used 25514K, capacity 26312K, committed 26544K, reserved 1073152K
  class space    used 3246K, capacity 3450K, committed 3504K, reserved 1048576K
Event: 2.122 GC heap after
Heap after GC invocations=4 (full 1):
 PSYoungGen      total 95744K, used 12155K [0x0000000755980000, 0x000000075ed80000, 0x00000007c0000000)
  eden space 82432K, 0% used [0x0000000755980000,0x0000000755980000,0x000000075aa00000)
  from space 13312K, 91% used [0x000000075aa00000,0x000000075b5ded50,0x000000075b700000)
  to   space 13312K, 0% used [0x000000075e080000,0x000000075e080000,0x000000075ed80000)
 ParOldGen       total 131584K, used 8853K [0x0000000680c00000, 0x0000000688c80000, 0x0000000755980000)
  object space 131584K, 6% used [0x0000000680c00000,0x00000006814a56a0,0x0000000688c80000)
 Metaspace       used 25514K, capacity 26312K, committed 26544K, reserved 1073152K
  class space    used 3246K, capacity 3450K, committed 3504K, reserved 1048576K
}
Event: 3.046 GC heap before
{Heap before GC invocations=5 (full 1):
 PSYoungGen      total 95744K, used 94587K [0x0000000755980000, 0x000000075ed80000, 0x00000007c0000000)
  eden space 82432K, 100% used [0x0000000755980000,0x000000075aa00000,0x000000075aa00000)
  from space 13312K, 91% used [0x000000075aa00000,0x000000075b5ded50,0x000000075b700000)
  to   space 13312K, 0% used [0x000000075e080000,0x000000075e080000,0x000000075ed80000)
 ParOldGen       total 131584K, used 8853K [0x0000000680c00000, 0x0000000688c80000, 0x0000000755980000)
  object space 131584K, 6% used [0x0000000680c00000,0x00000006814a56a0,0x0000000688c80000)
 Metaspace       used 29952K, capacity 31088K, committed 31280K, reserved 1077248K
  class space    used 3840K, capacity 4084K, committed 4144K, reserved 1048576K
Event: 3.064 GC heap after
Heap after GC invocations=5 (full 1):
 PSYoungGen      total 137728K, used 13295K [0x0000000755980000, 0x000000075ed80000, 0x00000007c0000000)
  eden space 124416K, 0% used [0x0000000755980000,0x0000000755980000,0x000000075d300000)
  from space 13312K, 99% used [0x000000075e080000,0x000000075ed7bec8,0x000000075ed80000)
  to   space 13312K, 0% used [0x000000075d380000,0x000000075d380000,0x000000075e080000)
 ParOldGen       total 131584K, used 11344K [0x0000000680c00000, 0x0000000688c80000, 0x0000000755980000)
  object space 131584K, 8% used [0x0000000680c00000,0x0000000681714368,0x0000000688c80000)
 Metaspace       used 29952K, capacity 31088K, committed 31280K, reserved 1077248K
  class space    used 3840K, capacity 4084K, committed 4144K, reserved 1048576K
}
Event: 3.787 GC heap before
{Heap before GC invocations=6 (full 1):
 PSYoungGen      total 137728K, used 50848K [0x0000000755980000, 0x000000075ed80000, 0x00000007c0000000)
  eden space 124416K, 30% used [0x0000000755980000,0x0000000757e2c188,0x000000075d300000)
  from space 13312K, 99% used [0x000000075e080000,0x000000075ed7bec8,0x000000075ed80000)
  to   space 13312K, 0% used [0x000000075d380000,0x000000075d380000,0x000000075e080000)
 ParOldGen       total 131584K, used 11344K [0x0000000680c00000, 0x0000000688c80000, 0x0000000755980000)
  object space 131584K, 8% used [0x0000000680c00000,0x0000000681714368,0x0000000688c80000)
 Metaspace       used 33794K, capacity 35370K, committed 35496K, reserved 1081344K
  class space    used 4326K, capacity 4649K, committed 4656K, reserved 1048576K
Event: 3.801 GC heap after
Heap after GC invocations=6 (full 1):
 PSYoungGen      total 138240K, used 13281K [0x0000000755980000, 0x0000000763500000, 0x00000007c0000000)
  eden space 124928K, 0% used [0x0000000755980000,0x0000000755980000,0x000000075d380000)
  from space 13312K, 99% used [0x000000075d380000,0x000000075e078590,0x000000075e080000)
  to   space 18944K, 0% used [0x0000000762280000,0x0000000762280000,0x0000000763500000)
 ParOldGen       total 131584K, used 14823K [0x0000000680c00000, 0x0000000688c80000, 0x0000000755980000)
  object space 131584K, 11% used [0x0000000680c00000,0x0000000681a79e00,0x0000000688c80000)
 Metaspace       used 33794K, capacity 35370K, committed 35496K, reserved 1081344K
  class space    used 4326K, capacity 4649K, committed 4656K, reserved 1048576K
}
Event: 3.801 GC heap before
{Heap before GC invocations=7 (full 2):
 PSYoungGen      total 138240K, used 13281K [0x0000000755980000, 0x0000000763500000, 0x00000007c0000000)
  eden space 124928K, 0% used [0x0000000755980000,0x0000000755980000,0x000000075d380000)
  from space 13312K, 99% used [0x000000075d380000,0x000000075e078590,0x000000075e080000)
  to   space 18944K, 0% used [0x0000000762280000,0x0000000762280000,0x0000000763500000)
 ParOldGen       total 131584K, used 14823K [0x0000000680c00000, 0x0000000688c80000, 0x0000000755980000)
  object space 131584K, 11% used [0x0000000680c00000,0x0000000681a79e00,0x0000000688c80000)
 Metaspace       used 33794K, capacity 35370K, committed 35496K, reserved 1081344K
  class space    used 4326K, capacity 4649K, committed 4656K, reserved 1048576K
Event: 3.873 GC heap after
Heap after GC invocations=7 (full 2):
 PSYoungGen      total 138240K, used 0K [0x0000000755980000, 0x0000000763500000, 0x00000007c0000000)
  eden space 124928K, 0% used [0x0000000755980000,0x0000000755980000,0x000000075d380000)
  from space 13312K, 0% used [0x000000075d380000,0x000000075d380000,0x000000075e080000)
  to   space 18944K, 0% used [0x0000000762280000,0x0000000762280000,0x0000000763500000)
 ParOldGen       total 215040K, used 21402K [0x0000000680c00000, 0x000000068de00000, 0x0000000755980000)
  object space 215040K, 9% used [0x0000000680c00000,0x00000006820e68d0,0x000000068de00000)
 Metaspace       used 33794K, capacity 35370K, committed 35496K, reserved 1081344K
  class space    used 4326K, capacity 4649K, committed 4656K, reserved 1048576K
}
Event: 5.368 GC heap before
{Heap before GC invocations=8 (full 2):
 PSYoungGen      total 138240K, used 124928K [0x0000000755980000, 0x0000000763500000, 0x00000007c0000000)
  eden space 124928K, 100% used [0x0000000755980000,0x000000075d380000,0x000000075d380000)
  from space 13312K, 0% used [0x000000075d380000,0x000000075d380000,0x000000075e080000)
  to   space 18944K, 0% used [0x0000000762280000,0x0000000762280000,0x0000000763500000)
 ParOldGen       total 215040K, used 21402K [0x0000000680c00000, 0x000000068de00000, 0x0000000755980000)
  object space 215040K, 9% used [0x0000000680c00000,0x00000006820e68d0,0x000000068de00000)
 Metaspace       used 44207K, capacity 45994K, committed 46256K, reserved 1089536K
  class space    used 5690K, capacity 6051K, committed 6064K, reserved 1048576K
Event: 5.383 GC heap after
Heap after GC invocations=8 (full 2):
 PSYoungGen      total 188928K, used 11068K [0x0000000755980000, 0x0000000762d80000, 0x00000007c0000000)
  eden space 177664K, 0% used [0x0000000755980000,0x0000000755980000,0x0000000760700000)
  from space 11264K, 98% used [0x0000000762280000,0x0000000762d4f308,0x0000000762d80000)
  to   space 18432K, 0% used [0x0000000760980000,0x0000000760980000,0x0000000761b80000)
 ParOldGen       total 215040K, used 21410K [0x0000000680c00000, 0x000000068de00000, 0x0000000755980000)
  object space 215040K, 9% used [0x0000000680c00000,0x00000006820e88d0,0x000000068de00000)
 Metaspace       used 44207K, capacity 45994K, committed 46256K, reserved 1089536K
  class space    used 5690K, capacity 6051K, committed 6064K, reserved 1048576K
}

